<?xml version="1.0" encoding="UTF-8"?>
<!-- Generated by org.testng.reporters.JUnitReportReporter -->
<testsuite skipped="0" hostname="GISBIZ-LTP-85" name="reportsTestday6.EditLead" tests="1" failures="0" timestamp="13 Aug 2018 09:33:32 GMT" time="20.032" errors="0">
  <testcase name="EditLeadTest" time="20.032" classname="reportsTestday6.EditLead"/>
</testsuite> <!-- reportsTestday6.EditLead -->
