<?xml version="1.0" encoding="UTF-8"?>
<!-- Generated by org.testng.reporters.JUnitReportReporter -->
<testsuite skipped="0" hostname="GISBIZ-LTP-85" name="reportsTestday6.CreateLead" tests="3" failures="0" timestamp="13 Aug 2018 09:33:32 GMT" time="49.316" errors="0">
  <testcase name="createLead" time="18.342" classname="reportsTestday6.CreateLead"/>
  <testcase name="createLead" time="16.486" classname="reportsTestday6.CreateLead"/>
  <testcase name="createLead" time="14.488" classname="reportsTestday6.CreateLead"/>
</testsuite> <!-- reportsTestday6.CreateLead -->
